[0m[[0m[0mdebug[0m] [0m[0m> Exec(run, None, None)[0m
[0m[[0m[0mdebug[0m] [0m[0mEvaluating tasks: Compile / run[0m
[0m[[0m[0mdebug[0m] [0m[0mRunning task... Cancel: Signal, check cycles: false, forcegc: true[0m
[0m[[0m[0minfo[0m] [0m[0mcompiling 8 Scala sources to /Users/tomoyaueno/jaist/1-1/iot/proj/kafka/KafkaPulse/target/scala-3.4.2/classes ...[0m
[0m[[0m[31merror[0m] [0m[0m[31m[31m-- [E008] Not Found Error: /Users/tomoyaueno/jaist/1-1/iot/proj/kafka/KafkaPulse/src/main/scala/kafka/WarnCO2Producer.scala:23:33 [0m[0m[0m
[0m[[0m[31merror[0m] [0m[0m[31m23 |[0m  consumer.subscribe(List(topic).asJava)[0m
[0m[[0m[31merror[0m] [0m[0m[31m[31m   |[0m                     ^^^^^^^^^^^^^^^^^^[0m[0m
[0m[[0m[31merror[0m] [0m[0m[31m   |[0mvalue asJava is not a member of List[String], but could be made available as an extension method.[0m
[0m[[0m[31merror[0m] [0m[0m[31m   |[0m[0m
[0m[[0m[31merror[0m] [0m[0m[31m   |[0mOne of the following imports might fix the problem:[0m
[0m[[0m[31merror[0m] [0m[0m[31m   |[0m[0m
[0m[[0m[31merror[0m] [0m[0m[31m   |[0m  import scala.collection.JavaConverters.seqAsJavaListConverter[0m
[0m[[0m[31merror[0m] [0m[0m[31m   |[0m  import scala.jdk.CollectionConverters.SeqHasAsJava[0m
[0m[[0m[31merror[0m] [0m[0m[31m   |[0m  import scala.collection.JavaConverters.asJavaIterableConverter[0m
[0m[[0m[31merror[0m] [0m[0m[31m   |[0m  import scala.jdk.CollectionConverters.IterableHasAsJava[0m
[0m[[0m[31merror[0m] [0m[0m[31m   |[0m  import scala.jdk.FunctionConverters.enrichAsJavaIntFunction[0m
[0m[[0m[31merror[0m] [0m[0m[31m   |[0m  import scala.jdk.FunctionConverters.enrichAsJavaFunction[0m
[0m[[0m[31merror[0m] [0m[0m[31m   |[0m[0m
[0m[[0m[31merror[0m] [0m[0m[31m[31m-- [E008] Not Found Error: /Users/tomoyaueno/jaist/1-1/iot/proj/kafka/KafkaPulse/src/main/scala/kafka/WarnCO2Producer.scala:29:31 [0m[0m[0m
[0m[[0m[31merror[0m] [0m[0m[31m29 |[0m        [33mfor[0m (record <- records.asScala) {[0m
[0m[[0m[31merror[0m] [0m[0m[31m[31m   |[0m                       ^^^^^^^^^^^^^^^[0m[0m
[0m[[0m[31merror[0m] [0m[0m[31m   |[0mvalue asScala is not a member of org.apache.kafka.clients.consumer.ConsumerRecords[String, String], but could be made available as an extension method.[0m
[0m[[0m[31merror[0m] [0m[0m[31m   |[0m[0m
[0m[[0m[31merror[0m] [0m[0m[31m   |[0mOne of the following imports might fix the problem:[0m
[0m[[0m[31merror[0m] [0m[0m[31m   |[0m[0m
[0m[[0m[31merror[0m] [0m[0m[31m   |[0m  import scala.collection.JavaConverters.iterableAsScalaIterableConverter[0m
[0m[[0m[31merror[0m] [0m[0m[31m   |[0m  import scala.jdk.CollectionConverters.IterableHasAsScala[0m
[0m[[0m[31merror[0m] [0m[0m[31m   |[0m[0m
[0m[[0m[31merror[0m] [0m[0mtwo errors found[0m
[0m[[0m[31merror[0m] [0m[0m(Compile / [31mcompileIncremental[0m) Compilation failed[0m
[0m[[0m[31merror[0m] [0m[0mTotal time: 2 s, completed 2024/05/22 23:38:07[0m
[0m[[0m[0mdebug[0m] [0m[0m> Exec(idea-shell, None, None)[0m
