[0m[[0m[0mdebug[0m] [0m[0m> Exec(compile, None, None)[0m
[0m[[0m[0mdebug[0m] [0m[0mEvaluating tasks: Compile / compile[0m
[0m[[0m[0mdebug[0m] [0m[0mRunning task... Cancel: Signal, check cycles: false, forcegc: true[0m
[0m[[0m[0minfo[0m] [0m[0mcompiling 1 Scala source to /Users/tomoyaueno/jaist/1-1/iot/proj/kafka/KafkaPulse/target/scala-3.4.2/classes ...[0m
[0m[[0m[33mwarn[0m] [0m[0mCanceling execution...[0m
[0m[[0m[0minfo[0m] [0m[0m[0m
[0m[[0m[0minfo[0m] [0m[0m  exception occurred while compiling List(/Users/tomoyaueno/jaist/1-1/iot/proj/kafka/KafkaPulse/src/main/scala/mqtt/Main.scala)[0m
[0m[[0m[0minfo[0m] [0m[0m[0m
[0m[[0m[0minfo[0m] [0m[0m  An unhandled exception was thrown in the compiler.[0m
[0m[[0m[0minfo[0m] [0m[0m  Please file a crash report here:[0m
[0m[[0m[0minfo[0m] [0m[0m  https://github.com/scala/scala3/issues/new/choose[0m
[0m[[0m[0minfo[0m] [0m[0m  For non-enriched exceptions, compile with -Yno-enrich-error-messages.[0m
[0m[[0m[0minfo[0m] [0m[0m[0m
[0m[[0m[0minfo[0m] [0m[0m     while compiling: <no file>[0m
[0m[[0m[0minfo[0m] [0m[0m        during phase: parser[0m
[0m[[0m[0minfo[0m] [0m[0m                mode: Mode(ImplicitsEnabled)[0m
[0m[[0m[0minfo[0m] [0m[0m     library version: version 2.13.12[0m
[0m[[0m[0minfo[0m] [0m[0m    compiler version: version 3.4.2[0m
[0m[[0m[0minfo[0m] [0m[0m            settings: -bootclasspath /Users/tomoyaueno/Library/Caches/Coursier/v1/https/repo1.maven.org/maven2/org/scala-lang/scala3-library_3/3.4.2/scala3-library_3-3.4.2.jar:/Users/tomoyaueno/Library/Caches/Coursier/v1/https/repo1.maven.org/maven2/org/scala-lang/scala-library/2.13.12/scala-library-2.13.12.jar -classpath /Users/tomoyaueno/jaist/1-1/iot/proj/kafka/KafkaPulse/target/scala-3.4.2/classes:/Users/tomoyaueno/Library/Caches/Coursier/v1/https/repo1.maven.org/maven2/org/apache/kafka/kafka-clients/3.7.0/kafka-clients-3.7.0.jar:/Users/tomoyaueno/Library/Caches/Coursier/v1/https/repo1.maven.org/maven2/org/eclipse/paho/org.eclipse.paho.mqttv5.client/1.2.5/org.eclipse.paho.mqttv5.client-1.2.5.jar:/Users/tomoyaueno/Library/Caches/Coursier/v1/https/repo1.maven.org/maven2/com/typesafe/config/1.4.3/config-1.4.3.jar:/Users/tomoyaueno/Library/Caches/Coursier/v1/https/repo1.maven.org/maven2/org/slf4j/slf4j-jdk-platform-logging/2.0.12/slf4j-jdk-platform-logging-2.0.12.jar:/Users/tomoyaueno/Library/Caches/Coursier/v1/https/repo1.maven.org/maven2/ch/qos/logback/logback-classic/1.5.6/logback-classic-1.5.6.jar:/Users/tomoyaueno/Library/Caches/Coursier/v1/https/repo1.maven.org/maven2/io/circe/circe-parser_3/0.14.6/circe-parser_3-0.14.6.jar:/Users/tomoyaueno/Library/Caches/Coursier/v1/https/repo1.maven.org/maven2/io/circe/circe-generic_3/0.14.6/circe-generic_3-0.14.6.jar:/Users/tomoyaueno/Library/Caches/Coursier/v1/https/repo1.maven.org/maven2/com/github/luben/zstd-jni/1.5.5-6/zstd-jni-1.5.5-6.jar:/Users/tomoyaueno/Library/Caches/Coursier/v1/https/repo1.maven.org/maven2/org/lz4/lz4-java/1.8.0/lz4-java-1.8.0.jar:/Users/tomoyaueno/Library/Caches/Coursier/v1/https/repo1.maven.org/maven2/org/xerial/snappy/snappy-java/1.1.10.5/snappy-java-1.1.10.5.jar:/Users/tomoyaueno/Library/Caches/Coursier/v1/https/repo1.maven.org/maven2/org/slf4j/slf4j-api/2.0.13/slf4j-api-2.0.13.jar:/Users/tomoyaueno/Library/Caches/Coursier/v1/https/repo1.maven.org/maven2/ch/qos/logback/logback-core/1.5.6/logback-core-1.5.6.jar:/Users/tomoyaueno/Library/Caches/Coursier/v1/https/repo1.maven.org/maven2/io/circe/circe-jawn_3/0.14.6/circe-jawn_3-0.14.6.jar:/Users/tomoyaueno/Library/Caches/Coursier/v1/https/repo1.maven.org/maven2/io/circe/circe-core_3/0.14.6/circe-core_3-0.14.6.jar:/Users/tomoyaueno/Library/Caches/Coursier/v1/https/repo1.maven.org/maven2/org/typelevel/jawn-parser_3/1.4.0/jawn-parser_3-1.4.0.jar:/Users/tomoyaueno/Library/Caches/Coursier/v1/https/repo1.maven.org/maven2/io/circe/circe-numbers_3/0.14.6/circe-numbers_3-0.14.6.jar:/Users/tomoyaueno/Library/Caches/Coursier/v1/https/repo1.maven.org/maven2/org/typelevel/cats-core_3/2.9.0/cats-core_3-2.9.0.jar:/Users/tomoyaueno/Library/Caches/Coursier/v1/https/repo1.maven.org/maven2/org/typelevel/cats-kernel_3/2.9.0/cats-kernel_3-2.9.0.jar -d /Users/tomoyaueno/jaist/1-1/iot/proj/kafka/KafkaPulse/target/scala-3.4.2/classes[0m
[0m[[0m[31merror[0m] [0m[0m## Exception when compiling 3 sources to /Users/tomoyaueno/jaist/1-1/iot/proj/kafka/KafkaPulse/target/scala-3.4.2/classes[0m
[0m[[0m[31merror[0m] [0m[0mjava.lang.NullPointerException[0m
[0m[[0m[31merror[0m] [0m[0mdotty.tools.dotc.Run$Progress.work(Run.scala:568)[0m
[0m[[0m[31merror[0m] [0m[0mdotty.tools.dotc.Run$Progress.totalProgress(Run.scala:566)[0m
[0m[[0m[31merror[0m] [0m[0mdotty.tools.dotc.Run$Progress.refreshProgress(Run.scala:588)[0m
[0m[[0m[31merror[0m] [0m[0mdotty.tools.dotc.Run$Progress.tickSubphase(Run.scala:554)[0m
[0m[[0m[31merror[0m] [0m[0mdotty.tools.dotc.Run$Progress.enterPhase(Run.scala:538)[0m
[0m[[0m[31merror[0m] [0m[0mdotty.tools.dotc.Run.doEnterPhase(Run.scala:202)[0m
[0m[[0m[31merror[0m] [0m[0mdotty.tools.dotc.Run.runPhases$1$$anonfun$1(Run.scala:309)[0m
[0m[[0m[31merror[0m] [0m[0mscala.runtime.function.JProcedure1.apply(JProcedure1.java:15)[0m
[0m[[0m[31merror[0m] [0m[0mscala.runtime.function.JProcedure1.apply(JProcedure1.java:10)[0m
[0m[[0m[31merror[0m] [0m[0mscala.collection.ArrayOps$.foreach$extension(ArrayOps.scala:1323)[0m
[0m[[0m[31merror[0m] [0m[0mdotty.tools.dotc.Run.runPhases$1(Run.scala:337)[0m
[0m[[0m[31merror[0m] [0m[0mdotty.tools.dotc.Run.compileUnits$$anonfun$1(Run.scala:350)[0m
[0m[[0m[31merror[0m] [0m[0mdotty.tools.dotc.Run.compileUnits$$anonfun$adapted$1(Run.scala:360)[0m
[0m[[0m[31merror[0m] [0m[0mdotty.tools.dotc.util.Stats$.maybeMonitored(Stats.scala:69)[0m
[0m[[0m[31merror[0m] [0m[0mdotty.tools.dotc.Run.compileUnits(Run.scala:360)[0m
[0m[[0m[31merror[0m] [0m[0mdotty.tools.dotc.Run.compileSources(Run.scala:261)[0m
[0m[[0m[31merror[0m] [0m[0mdotty.tools.dotc.Run.compile(Run.scala:246)[0m
[0m[[0m[31merror[0m] [0m[0mdotty.tools.dotc.Driver.doCompile(Driver.scala:37)[0m
[0m[[0m[31merror[0m] [0m[0mdotty.tools.xsbt.CompilerBridgeDriver.run(CompilerBridgeDriver.java:141)[0m
[0m[[0m[31merror[0m] [0m[0mdotty.tools.xsbt.CompilerBridge.run(CompilerBridge.java:22)[0m
[0m[[0m[31merror[0m] [0m[0msbt.internal.inc.AnalyzingCompiler.compile(AnalyzingCompiler.scala:91)[0m
[0m[[0m[31merror[0m] [0m[0msbt.internal.inc.MixedAnalyzingCompiler.$anonfun$compile$7(MixedAnalyzingCompiler.scala:193)[0m
[0m[[0m[31merror[0m] [0m[0mscala.runtime.java8.JFunction0$mcV$sp.apply(JFunction0$mcV$sp.java:23)[0m
[0m[[0m[31merror[0m] [0m[0msbt.internal.inc.MixedAnalyzingCompiler.timed(MixedAnalyzingCompiler.scala:248)[0m
[0m[[0m[31merror[0m] [0m[0msbt.internal.inc.MixedAnalyzingCompiler.$anonfun$compile$4(MixedAnalyzingCompiler.scala:183)[0m
[0m[[0m[31merror[0m] [0m[0msbt.internal.inc.MixedAnalyzingCompiler.$anonfun$compile$4$adapted(MixedAnalyzingCompiler.scala:163)[0m
[0m[[0m[31merror[0m] [0m[0msbt.internal.inc.JarUtils$.withPreviousJar(JarUtils.scala:239)[0m
[0m[[0m[31merror[0m] [0m[0msbt.internal.inc.MixedAnalyzingCompiler.compileScala$1(MixedAnalyzingCompiler.scala:163)[0m
[0m[[0m[31merror[0m] [0m[0msbt.internal.inc.MixedAnalyzingCompiler.compile(MixedAnalyzingCompiler.scala:211)[0m
[0m[[0m[31merror[0m] [0m[0msbt.internal.inc.IncrementalCompilerImpl.$anonfun$compileInternal$1(IncrementalCompilerImpl.scala:534)[0m
[0m[[0m[31merror[0m] [0m[0msbt.internal.inc.IncrementalCompilerImpl.$anonfun$compileInternal$1$adapted(IncrementalCompilerImpl.scala:534)[0m
[0m[[0m[31merror[0m] [0m[0msbt.internal.inc.Incremental$.$anonfun$apply$5(Incremental.scala:180)[0m
[0m[[0m[31merror[0m] [0m[0msbt.internal.inc.Incremental$.$anonfun$apply$5$adapted(Incremental.scala:178)[0m
[0m[[0m[31merror[0m] [0m[0msbt.internal.inc.Incremental$$anon$2.run(Incremental.scala:464)[0m
[0m[[0m[31merror[0m] [0m[0msbt.internal.inc.IncrementalCommon$CycleState.next(IncrementalCommon.scala:116)[0m
[0m[[0m[31merror[0m] [0m[0msbt.internal.inc.IncrementalCommon$$anon$1.next(IncrementalCommon.scala:56)[0m
[0m[[0m[31merror[0m] [0m[0msbt.internal.inc.IncrementalCommon$$anon$1.next(IncrementalCommon.scala:52)[0m
[0m[[0m[31merror[0m] [0m[0msbt.internal.inc.IncrementalCommon.cycle(IncrementalCommon.scala:263)[0m
[0m[[0m[31merror[0m] [0m[0msbt.internal.inc.Incremental$.$anonfun$incrementalCompile$8(Incremental.scala:419)[0m
[0m[[0m[31merror[0m] [0m[0msbt.internal.inc.Incremental$.withClassfileManager(Incremental.scala:506)[0m
[0m[[0m[31merror[0m] [0m[0msbt.internal.inc.Incremental$.incrementalCompile(Incremental.scala:406)[0m
[0m[[0m[31merror[0m] [0m[0msbt.internal.inc.Incremental$.apply(Incremental.scala:172)[0m
[0m[[0m[31merror[0m] [0m[0msbt.internal.inc.IncrementalCompilerImpl.compileInternal(IncrementalCompilerImpl.scala:534)[0m
[0m[[0m[31merror[0m] [0m[0msbt.internal.inc.IncrementalCompilerImpl.$anonfun$compileIncrementally$1(IncrementalCompilerImpl.scala:488)[0m
[0m[[0m[31merror[0m] [0m[0msbt.internal.inc.IncrementalCompilerImpl.handleCompilationError(IncrementalCompilerImpl.scala:332)[0m
[0m[[0m[31merror[0m] [0m[0msbt.internal.inc.IncrementalCompilerImpl.compileIncrementally(IncrementalCompilerImpl.scala:425)[0m
[0m[[0m[31merror[0m] [0m[0msbt.internal.inc.IncrementalCompilerImpl.compile(IncrementalCompilerImpl.scala:137)[0m
[0m[[0m[31merror[0m] [0m[0msbt.Defaults$.compileIncrementalTaskImpl(Defaults.scala:2371)[0m
[0m[[0m[31merror[0m] [0m[0msbt.Defaults$.$anonfun$compileIncrementalTask$2(Defaults.scala:2321)[0m
[0m[[0m[31merror[0m] [0m[0msbt.internal.server.BspCompileTask$.$anonfun$compute$1(BspCompileTask.scala:31)[0m
[0m[[0m[31merror[0m] [0m[0msbt.internal.io.Retry$.apply(Retry.scala:47)[0m
[0m[[0m[31merror[0m] [0m[0msbt.internal.io.Retry$.apply(Retry.scala:29)[0m
[0m[[0m[31merror[0m] [0m[0msbt.internal.io.Retry$.apply(Retry.scala:24)[0m
[0m[[0m[31merror[0m] [0m[0msbt.internal.server.BspCompileTask$.compute(BspCompileTask.scala:31)[0m
[0m[[0m[31merror[0m] [0m[0msbt.Defaults$.$anonfun$compileIncrementalTask$1(Defaults.scala:2319)[0m
[0m[[0m[31merror[0m] [0m[0mscala.Function1.$anonfun$compose$1(Function1.scala:49)[0m
[0m[[0m[31merror[0m] [0m[0msbt.internal.util.$tilde$greater.$anonfun$$u2219$1(TypeFunctions.scala:63)[0m
[0m[[0m[31merror[0m] [0m[0msbt.std.Transform$$anon$4.work(Transform.scala:69)[0m
[0m[[0m[31merror[0m] [0m[0msbt.Execute.$anonfun$submit$2(Execute.scala:283)[0m
[0m[[0m[31merror[0m] [0m[0msbt.internal.util.ErrorHandling$.wideConvert(ErrorHandling.scala:24)[0m
[0m[[0m[31merror[0m] [0m[0msbt.Execute.work(Execute.scala:292)[0m
[0m[[0m[31merror[0m] [0m[0msbt.Execute.$anonfun$submit$1(Execute.scala:283)[0m
[0m[[0m[31merror[0m] [0m[0msbt.ConcurrentRestrictions$$anon$4.$anonfun$submitValid$1(ConcurrentRestrictions.scala:265)[0m
[0m[[0m[31merror[0m] [0m[0msbt.CompletionService$$anon$2.call(CompletionService.scala:65)[0m
[0m[[0m[31merror[0m] [0m[0mjava.base/java.util.concurrent.FutureTask.run(FutureTask.java:264)[0m
[0m[[0m[31merror[0m] [0m[0mjava.base/java.util.concurrent.Executors$RunnableAdapter.call(Executors.java:515)[0m
[0m[[0m[31merror[0m] [0m[0mjava.base/java.util.concurrent.FutureTask.run(FutureTask.java:264)[0m
[0m[[0m[31merror[0m] [0m[0mjava.base/java.util.concurrent.ThreadPoolExecutor.runWorker(ThreadPoolExecutor.java:1128)[0m
[0m[[0m[31merror[0m] [0m[0mjava.base/java.util.concurrent.ThreadPoolExecutor$Worker.run(ThreadPoolExecutor.java:628)[0m
[0m[[0m[31merror[0m] [0m[0mjava.base/java.lang.Thread.run(Thread.java:834)[0m
[0m[[0m[31merror[0m] [0m[0m           [0m
[0m[[0m[31merror[0m] [0m[0mCancelled: compile[0m
[0m[[0m[31merror[0m] [0m[0mCancelled: compile[0m
[0m[[0m[31merror[0m] [0m[0mUse 'last' for the full log.[0m
[0m[[0m[0mdebug[0m] [0m[0m> Exec(idea-shell, None, None)[0m
